[debug] [2022-01-03T08:28:33.343Z] ----------------------------------------------------------------------
[debug] [2022-01-03T08:28:33.345Z] Command:       C:\Program Files\nodejs\node.exe C:\Users\DELL\AppData\Roaming\npm\node_modules\firebase-tools\lib\bin\firebase.js init
[debug] [2022-01-03T08:28:33.345Z] CLI Version:   10.0.1
[debug] [2022-01-03T08:28:33.345Z] Platform:      win32
[debug] [2022-01-03T08:28:33.346Z] Node Version:  v16.3.0
[debug] [2022-01-03T08:28:33.346Z] Time:          Mon Jan 03 2022 14:28:33 GMT+0600 (Bangladesh Standard Time)
[debug] [2022-01-03T08:28:33.346Z] ----------------------------------------------------------------------
[debug] 
[debug] [2022-01-03T08:28:33.399Z] > command requires scopes: ["email","openid","https://www.googleapis.com/auth/cloudplatformprojects.readonly","https://www.googleapis.com/auth/firebase","https://www.googleapis.com/auth/cloud-platform"]
[debug] [2022-01-03T08:28:33.399Z] > authorizing via signed-in user (arfatunjannattina7494@gmail.com)
[info] 
     ######## #### ########  ######## ########     ###     ######  ########
     ##        ##  ##     ## ##       ##     ##  ##   ##  ##       ##
     ######    ##  ########  ######   ########  #########  ######  ######
     ##        ##  ##    ##  ##       ##     ## ##     ##       ## ##
     ##       #### ##     ## ######## ########  ##     ##  ######  ########

You're about to initialize a Firebase project in this directory:

  C:\Users\DELL\Desktop\tourism-or-delivery-website-client-sideed

Before we get started, keep in mind:

  * You are initializing within an existing Firebase project directory

[info] 
=== Project Setup
[info] 
[info] First, let's associate this project directory with a Firebase project.
[info] You can create multiple project aliases by running firebase use --add, 
[info] but for now we'll just set up a default project.
[info] 
[debug] [2022-01-03T08:29:48.051Z] Using project from CLI flag: travellers-6e665
[debug] [2022-01-03T08:29:48.055Z] > refreshing access token with scopes: []
[debug] [2022-01-03T08:29:48.055Z] >>> HTTP REQUEST POST https://www.googleapis.com/oauth2/v3/token  
 <request body omitted>
[debug] [2022-01-03T08:29:48.900Z] <<< HTTP RESPONSE 200 {"cache-control":"no-cache, no-store, max-age=0, must-revalidate","date":"Mon, 03 Jan 2022 08:20:52 GMT","expires":"Mon, 01 Jan 1990 00:00:00 GMT","pragma":"no-cache","content-type":"application/json; charset=utf-8","vary":"X-Origin, Referer, Origin,Accept-Encoding","server":"scaffolding on HTTPServer2","x-xss-protection":"0","x-frame-options":"SAMEORIGIN","x-content-type-options":"nosniff","alt-svc":"h3=\":443\"; ma=2592000,h3-29=\":443\"; ma=2592000,h3-Q050=\":443\"; ma=2592000,h3-Q046=\":443\"; ma=2592000,h3-Q043=\":443\"; ma=2592000,quic=\":443\"; ma=2592000; v=\"46,43\"","accept-ranges":"none","transfer-encoding":"chunked"}
[debug] [2022-01-03T08:29:48.959Z] >>> [apiv2][query] GET https://firebase.googleapis.com/v1beta1/projects/travellers-6e665 [none]
[debug] [2022-01-03T08:29:49.900Z] <<< [apiv2][status] GET https://firebase.googleapis.com/v1beta1/projects/travellers-6e665 403
[debug] [2022-01-03T08:29:49.900Z] <<< [apiv2][body] GET https://firebase.googleapis.com/v1beta1/projects/travellers-6e665 {"error":{"code":403,"message":"The caller does not have permission","status":"PERMISSION_DENIED"}}
[debug] [2022-01-03T08:29:49.901Z] HTTP Error: 403, The caller does not have permission
[debug] [2022-01-03T08:29:50.525Z] FirebaseError: HTTP Error: 403, The caller does not have permission
    at module.exports (C:\Users\DELL\AppData\Roaming\npm\node_modules\firebase-tools\lib\responseToError.js:38:12)
    at Client.doRequest (C:\Users\DELL\AppData\Roaming\npm\node_modules\firebase-tools\lib\apiv2.js:241:23)
    at processTicksAndRejections (node:internal/process/task_queues:96:5)
    at async Client.request (C:\Users\DELL\AppData\Roaming\npm\node_modules\firebase-tools\lib\apiv2.js:96:20)
    at async Object.getFirebaseProject (C:\Users\DELL\AppData\Roaming\npm\node_modules\firebase-tools\lib\management\projects.js:290:21)
    at async Object.doSetup [as project] (C:\Users\DELL\AppData\Roaming\npm\node_modules\firebase-tools\lib\init\features\project.js:85:27)
    at async init (C:\Users\DELL\AppData\Roaming\npm\node_modules\firebase-tools\lib\init\index.js:19:9)
[error] 
[error] Error: Failed to get Firebase project travellers-6e665. Please make sure the project exists and your account has permission to access it.
[debug] [2022-01-03T08:30:32.709Z] ----------------------------------------------------------------------
[debug] [2022-01-03T08:30:32.711Z] Command:       C:\Program Files\nodejs\node.exe C:\Users\DELL\AppData\Roaming\npm\node_modules\firebase-tools\lib\bin\firebase.js init
[debug] [2022-01-03T08:30:32.712Z] CLI Version:   10.0.1
[debug] [2022-01-03T08:30:32.712Z] Platform:      win32
[debug] [2022-01-03T08:30:32.712Z] Node Version:  v16.3.0
[debug] [2022-01-03T08:30:32.712Z] Time:          Mon Jan 03 2022 14:30:32 GMT+0600 (Bangladesh Standard Time)
[debug] [2022-01-03T08:30:32.713Z] ----------------------------------------------------------------------
[debug] 
[debug] [2022-01-03T08:30:32.767Z] > command requires scopes: ["email","openid","https://www.googleapis.com/auth/cloudplatformprojects.readonly","https://www.googleapis.com/auth/firebase","https://www.googleapis.com/auth/cloud-platform"]
[debug] [2022-01-03T08:30:32.767Z] > authorizing via signed-in user (arfatunjannattina7494@gmail.com)
[info] 
     ######## #### ########  ######## ########     ###     ######  ########
     ##        ##  ##     ## ##       ##     ##  ##   ##  ##       ##
     ######    ##  ########  ######   ########  #########  ######  ######
     ##        ##  ##    ##  ##       ##     ## ##     ##       ## ##
     ##       #### ##     ## ######## ########  ##     ##  ######  ########

You're about to initialize a Firebase project in this directory:

  C:\Users\DELL\Desktop\tourism-or-delivery-website-client-sideed

Before we get started, keep in mind:

  * You are initializing within an existing Firebase project directory

[info] 
=== Project Setup
[info] 
[info] First, let's associate this project directory with a Firebase project.
[info] You can create multiple project aliases by running firebase use --add, 
[info] but for now we'll just set up a default project.
[info] 
[debug] [2022-01-03T08:31:21.284Z] Using project from CLI flag: travellers-6e665
[debug] [2022-01-03T08:31:21.288Z] >>> [apiv2][query] GET https://firebase.googleapis.com/v1beta1/projects/travellers-6e665 [none]
[debug] [2022-01-03T08:31:24.575Z] <<< [apiv2][status] GET https://firebase.googleapis.com/v1beta1/projects/travellers-6e665 403
[debug] [2022-01-03T08:31:24.576Z] <<< [apiv2][body] GET https://firebase.googleapis.com/v1beta1/projects/travellers-6e665 {"error":{"code":403,"message":"The caller does not have permission","status":"PERMISSION_DENIED"}}
[debug] [2022-01-03T08:31:24.576Z] HTTP Error: 403, The caller does not have permission
[debug] [2022-01-03T08:31:25.538Z] FirebaseError: HTTP Error: 403, The caller does not have permission
    at module.exports (C:\Users\DELL\AppData\Roaming\npm\node_modules\firebase-tools\lib\responseToError.js:38:12)
    at Client.doRequest (C:\Users\DELL\AppData\Roaming\npm\node_modules\firebase-tools\lib\apiv2.js:241:23)
    at processTicksAndRejections (node:internal/process/task_queues:96:5)
    at async Client.request (C:\Users\DELL\AppData\Roaming\npm\node_modules\firebase-tools\lib\apiv2.js:96:20)
    at async Object.getFirebaseProject (C:\Users\DELL\AppData\Roaming\npm\node_modules\firebase-tools\lib\management\projects.js:290:21)
    at async Object.doSetup [as project] (C:\Users\DELL\AppData\Roaming\npm\node_modules\firebase-tools\lib\init\features\project.js:85:27)
    at async init (C:\Users\DELL\AppData\Roaming\npm\node_modules\firebase-tools\lib\init\index.js:19:9)
[error] 
[error] Error: Failed to get Firebase project travellers-6e665. Please make sure the project exists and your account has permission to access it.
